Flutter crash report.
Please report a bug at https://github.com/flutter/flutter/issues.

## command

flutter run

## exception

SocketException: SocketException: OS Error: Success, errno = 0, port = 0

```
```

## flutter doctor

```
[✓] Flutter (Channel stable, 1.22.5, on Linux, locale fr_FR.UTF-8)
    • Flutter version 1.22.5 at /home/al-haj/snap/flutter/common/flutter
    • Framework revision 7891006299 (il y a 8 mois), 2020-12-10 11:54:40 -0800
    • Engine revision ae90085a84
    • Dart version 2.10.4

[!] Android toolchain - develop for Android devices (Android SDK version 30.0.2)
    • Android SDK at /home/al-haj/Android/Sdk
    • Platform android-30, build-tools 30.0.2
    • Java binary at: /usr/bin/java
    • Java version OpenJDK Runtime Environment (build 10.0.2+13-Ubuntu-1ubuntu0.18.04.4)
    ✗ Android license status unknown.
      Run `flutter doctor --android-licenses` to accept the SDK licenses.
      See https://flutter.dev/docs/get-started/install/linux#android-setup for more details.

[!] Android Studio (not installed)
    • Android Studio not found; download from https://developer.android.com/studio/index.html
      (or visit https://flutter.dev/docs/get-started/install/linux#android-setup for detailed
      instructions).

[✓] VS Code (version 1.34.0)
    • VS Code at /usr/share/code
    • Flutter extension version 3.2.0

[✓] Connected device (1 available)
    • SM A125F (mobile) • R58R20NGQJL • android-arm64 • Android 11 (API 30)

! Doctor found issues in 2 categories.
```
